<?xml version="1.0" encoding="UTF-8"?>
<!-- Generated by org.testng.reporters.JUnitReportReporter -->
<testsuite hostname="HYDPCM385894L" failures="0" tests="1" name="com.qa.rest.test.GetcallBDD" time="4.400" errors="0" timestamp="2022-02-17T12:09:37 IST" skipped="0">
  <testcase classname="com.qa.rest.test.GetcallBDD" name="test_numberofCircuitsFor2017_Season" time="4.400"/>
  <system-out/>
</testsuite> <!-- com.qa.rest.test.GetcallBDD -->
