<?xml version="1.0" encoding="UTF-8"?>
<!-- Generated by org.testng.reporters.JUnitReportReporter -->
<testsuite hostname="HYDPCM385894L" failures="0" tests="1" name="com.qa.rest.test.FirstTest" time="2.167" errors="0" timestamp="2022-02-17T12:09:19 IST" skipped="0">
  <testcase classname="com.qa.rest.test.FirstTest" name="testLogging" time="2.167"/>
  <system-out/>
</testsuite> <!-- com.qa.rest.test.FirstTest -->
