<?xml version="1.0" encoding="UTF-8"?>
<!-- Generated by org.testng.reporters.JUnitReportReporter -->
<testsuite hostname="HYDPCM385894L" failures="0" tests="4" name="com.qa.rest.test.Parameterize" time="6.100" errors="0" timestamp="2022-02-22T13:49:49 IST" skipped="0">
  <testcase classname="com.qa.rest.test.Parameterize" name="test_delete" time="4.312"/>
  <system-out/>
  <testcase classname="com.qa.rest.test.Parameterize" name="test_delete" time="0.630"/>
  <system-out/>
  <testcase classname="com.qa.rest.test.Parameterize" name="test_delete" time="0.666"/>
  <system-out/>
  <testcase classname="com.qa.rest.test.Parameterize" name="test_delete" time="0.492"/>
  <system-out/>
</testsuite> <!-- com.qa.rest.test.Parameterize -->
